[1.297s] Invoking command in '/home/orin_nano/f1tenth_ws/build/vesc_ackermann': CMAKE_PREFIX_PATH=/home/orin_nano/f1tenth_ws/install/vesc_msgs:/home/orin_nano/f1tenth_ws/install/vesc:/home/orin_nano/f1tenth_ws/install/vesc_driver:/home/orin_nano/f1tenth_ws/install/vesc_ackermann:/home/orin_nano/f1tenth_ws/install/urg_node2:/home/orin_nano/f1tenth_ws/install/combine_pkg:/home/orin_nano/f1tenth_ws/install/f1_test:/opt/ros/foxy LD_LIBRARY_PATH=/home/orin_nano/f1tenth_ws/install/vesc_msgs/lib:/home/orin_nano/f1tenth_ws/install/vesc_driver/lib:/home/orin_nano/f1tenth_ws/install/vesc_ackermann/lib:/home/orin_nano/f1tenth_ws/install/urg_node2/lib:/opt/ros/foxy/opt/yaml_cpp_vendor/lib:/opt/ros/foxy/opt/rviz_ogre_vendor/lib:/opt/ros/foxy/lib/aarch64-linux-gnu:/opt/ros/foxy/lib:/usr/local/cuda-11.4/lib64 /usr/bin/cmake --build /home/orin_nano/f1tenth_ws/build/vesc_ackermann -- -j6 -l6
[1.427s] [35m[1mScanning dependencies of target vesc_ackermann[0m
[1.455s] [ 28%] Built target vesc_to_odom_node
[1.464s] [ 57%] Built target ackermann_to_vesc_node
[1.502s] [ 71%] [32mBuilding CXX object CMakeFiles/vesc_ackermann.dir/src/vesc_to_odom.cpp.o[0m
[4.790s] [01m[K/home/orin_nano/f1tenth_ws/src/vesc/vesc_ackermann/src/vesc_to_odom.cpp:[m[K In member function â€˜[01m[Kvoid vesc_ackermann::VescToOdom::servoAngleCallback(std_msgs::msg::Float64_<std::allocator<void> >::SharedPtr)[m[Kâ€™:
[4.790s] [01m[K/home/orin_nano/f1tenth_ws/src/vesc/vesc_ackermann/src/vesc_to_odom.cpp:70:24:[m[K [01;31m[Kerror: [m[Kâ€˜[01m[Kmsg2[m[Kâ€™ was not declared in this scope; did you mean â€˜[01m[Kmsg[m[Kâ€™?
[4.791s]    70 |   double read_angle_ = [01;31m[Kmsg2[m[K->data;
[4.791s]       |                        [01;31m[K^~~~[m[K
[4.791s]       |                        [32m[Kmsg[m[K
[9.017s] make[2]: *** [CMakeFiles/vesc_ackermann.dir/build.make:76: CMakeFiles/vesc_ackermann.dir/src/vesc_to_odom.cpp.o] Error 1
[9.018s] make[1]: *** [CMakeFiles/Makefile2:136: CMakeFiles/vesc_ackermann.dir/all] Error 2
[9.019s] make: *** [Makefile:141: all] Error 2
[9.025s] Invoked command in '/home/orin_nano/f1tenth_ws/build/vesc_ackermann' returned '2': CMAKE_PREFIX_PATH=/home/orin_nano/f1tenth_ws/install/vesc_msgs:/home/orin_nano/f1tenth_ws/install/vesc:/home/orin_nano/f1tenth_ws/install/vesc_driver:/home/orin_nano/f1tenth_ws/install/vesc_ackermann:/home/orin_nano/f1tenth_ws/install/urg_node2:/home/orin_nano/f1tenth_ws/install/combine_pkg:/home/orin_nano/f1tenth_ws/install/f1_test:/opt/ros/foxy LD_LIBRARY_PATH=/home/orin_nano/f1tenth_ws/install/vesc_msgs/lib:/home/orin_nano/f1tenth_ws/install/vesc_driver/lib:/home/orin_nano/f1tenth_ws/install/vesc_ackermann/lib:/home/orin_nano/f1tenth_ws/install/urg_node2/lib:/opt/ros/foxy/opt/yaml_cpp_vendor/lib:/opt/ros/foxy/opt/rviz_ogre_vendor/lib:/opt/ros/foxy/lib/aarch64-linux-gnu:/opt/ros/foxy/lib:/usr/local/cuda-11.4/lib64 /usr/bin/cmake --build /home/orin_nano/f1tenth_ws/build/vesc_ackermann -- -j6 -l6
