[1.211s] Invoking command in '/home/orin_nano/f1tenth_ws/build/vesc_ackermann': CMAKE_PREFIX_PATH=/home/orin_nano/f1tenth_ws/install/vesc_msgs:/home/orin_nano/f1tenth_ws/install/vesc:/home/orin_nano/f1tenth_ws/install/vesc_driver:/home/orin_nano/f1tenth_ws/install/vesc_ackermann:/home/orin_nano/f1tenth_ws/install/urg_node2:/home/orin_nano/f1tenth_ws/install/combine_pkg:/home/orin_nano/f1tenth_ws/install/f1_test:/opt/ros/foxy LD_LIBRARY_PATH=/home/orin_nano/f1tenth_ws/install/vesc_msgs/lib:/home/orin_nano/f1tenth_ws/install/vesc_driver/lib:/home/orin_nano/f1tenth_ws/install/vesc_ackermann/lib:/home/orin_nano/f1tenth_ws/install/urg_node2/lib:/opt/ros/foxy/opt/yaml_cpp_vendor/lib:/opt/ros/foxy/opt/rviz_ogre_vendor/lib:/opt/ros/foxy/lib/aarch64-linux-gnu:/opt/ros/foxy/lib:/usr/local/cuda-11.4/lib64 /usr/bin/cmake --build /home/orin_nano/f1tenth_ws/build/vesc_ackermann -- -j6 -l6
[1.305s] [35m[1mScanning dependencies of target vesc_ackermann[0m
[1.341s] [ 28%] Built target ackermann_to_vesc_node
[1.356s] [ 57%] Built target vesc_to_odom_node
[1.368s] [ 71%] [32mBuilding CXX object CMakeFiles/vesc_ackermann.dir/src/vesc_to_odom.cpp.o[0m
[4.416s] [01m[K/home/orin_nano/f1tenth_ws/src/vesc/vesc_ackermann/src/vesc_to_odom.cpp:74:49:[m[K [01;31m[Kerror: [m[Kâ€˜[01m[KSharedPtr[m[Kâ€™ in namespace â€˜[01m[Ksensor_msgs[m[Kâ€™ does not name a type
[4.416s]    74 | void VescToOdom::IMUCallback(const sensor_msgs::[01;31m[KSharedPtr[m[K msg)
[4.416s]       |                                                 [01;31m[K^~~~~~~~~[m[K
[4.416s] [01m[K/home/orin_nano/f1tenth_ws/src/vesc/vesc_ackermann/src/vesc_to_odom.cpp:74:6:[m[K [01;31m[Kerror: [m[Kno declaration matches â€˜[01m[Kvoid vesc_ackermann::VescToOdom::IMUCallback(int)[m[Kâ€™
[4.416s]    74 | void [01;31m[KVescToOdom[m[K::IMUCallback(const sensor_msgs::SharedPtr msg)
[4.416s]       |      [01;31m[K^~~~~~~~~~[m[K
[4.417s] [01m[K/home/orin_nano/f1tenth_ws/src/vesc/vesc_ackermann/src/vesc_to_odom.cpp:74:6:[m[K [01;36m[Knote: [m[Kno functions named â€˜[01m[Kvoid vesc_ackermann::VescToOdom::IMUCallback(int)[m[Kâ€™
[4.417s] In file included from [01m[K/home/orin_nano/f1tenth_ws/src/vesc/vesc_ackermann/src/vesc_to_odom.cpp:1[m[K:
[4.417s] [01m[K/home/orin_nano/f1tenth_ws/src/vesc/vesc_ackermann/include/vesc_ackermann/vesc_to_odom.hpp:23:7:[m[K [01;36m[Knote: [m[Kâ€˜[01m[Kclass vesc_ackermann::VescToOdom[m[Kâ€™ defined here
[4.417s]    23 | class [01;36m[KVescToOdom[m[K : public rclcpp::Node
[4.417s]       |       [01;36m[K^~~~~~~~~~[m[K
[8.657s] make[2]: *** [CMakeFiles/vesc_ackermann.dir/build.make:76: CMakeFiles/vesc_ackermann.dir/src/vesc_to_odom.cpp.o] Error 1
[8.657s] make[1]: *** [CMakeFiles/Makefile2:136: CMakeFiles/vesc_ackermann.dir/all] Error 2
[8.658s] make: *** [Makefile:141: all] Error 2
[8.664s] Invoked command in '/home/orin_nano/f1tenth_ws/build/vesc_ackermann' returned '2': CMAKE_PREFIX_PATH=/home/orin_nano/f1tenth_ws/install/vesc_msgs:/home/orin_nano/f1tenth_ws/install/vesc:/home/orin_nano/f1tenth_ws/install/vesc_driver:/home/orin_nano/f1tenth_ws/install/vesc_ackermann:/home/orin_nano/f1tenth_ws/install/urg_node2:/home/orin_nano/f1tenth_ws/install/combine_pkg:/home/orin_nano/f1tenth_ws/install/f1_test:/opt/ros/foxy LD_LIBRARY_PATH=/home/orin_nano/f1tenth_ws/install/vesc_msgs/lib:/home/orin_nano/f1tenth_ws/install/vesc_driver/lib:/home/orin_nano/f1tenth_ws/install/vesc_ackermann/lib:/home/orin_nano/f1tenth_ws/install/urg_node2/lib:/opt/ros/foxy/opt/yaml_cpp_vendor/lib:/opt/ros/foxy/opt/rviz_ogre_vendor/lib:/opt/ros/foxy/lib/aarch64-linux-gnu:/opt/ros/foxy/lib:/usr/local/cuda-11.4/lib64 /usr/bin/cmake --build /home/orin_nano/f1tenth_ws/build/vesc_ackermann -- -j6 -l6
