[35m[1mScanning dependencies of target vesc_ackermann[0m
[ 28%] Built target ackermann_to_vesc_node
[ 57%] Built target vesc_to_odom_node
[ 71%] [32mBuilding CXX object CMakeFiles/vesc_ackermann.dir/src/vesc_to_odom.cpp.o[0m
[01m[K/home/orin_nano/f1tenth_ws/src/vesc/vesc_ackermann/src/vesc_to_odom.cpp:74:49:[m[K [01;31m[Kerror: [m[Kâ€˜[01m[KSharedPtr[m[Kâ€™ in namespace â€˜[01m[Ksensor_msgs[m[Kâ€™ does not name a type
   74 | void VescToOdom::IMUCallback(const sensor_msgs::[01;31m[KSharedPtr[m[K msg)
      |                                                 [01;31m[K^~~~~~~~~[m[K
[01m[K/home/orin_nano/f1tenth_ws/src/vesc/vesc_ackermann/src/vesc_to_odom.cpp:74:6:[m[K [01;31m[Kerror: [m[Kno declaration matches â€˜[01m[Kvoid vesc_ackermann::VescToOdom::IMUCallback(int)[m[Kâ€™
   74 | void [01;31m[KVescToOdom[m[K::IMUCallback(const sensor_msgs::SharedPtr msg)
      |      [01;31m[K^~~~~~~~~~[m[K
[01m[K/home/orin_nano/f1tenth_ws/src/vesc/vesc_ackermann/src/vesc_to_odom.cpp:74:6:[m[K [01;36m[Knote: [m[Kno functions named â€˜[01m[Kvoid vesc_ackermann::VescToOdom::IMUCallback(int)[m[Kâ€™
In file included from [01m[K/home/orin_nano/f1tenth_ws/src/vesc/vesc_ackermann/src/vesc_to_odom.cpp:1[m[K:
[01m[K/home/orin_nano/f1tenth_ws/src/vesc/vesc_ackermann/include/vesc_ackermann/vesc_to_odom.hpp:23:7:[m[K [01;36m[Knote: [m[Kâ€˜[01m[Kclass vesc_ackermann::VescToOdom[m[Kâ€™ defined here
   23 | class [01;36m[KVescToOdom[m[K : public rclcpp::Node
      |       [01;36m[K^~~~~~~~~~[m[K
make[2]: *** [CMakeFiles/vesc_ackermann.dir/build.make:76: CMakeFiles/vesc_ackermann.dir/src/vesc_to_odom.cpp.o] Error 1
make[1]: *** [CMakeFiles/Makefile2:136: CMakeFiles/vesc_ackermann.dir/all] Error 2
make: *** [Makefile:141: all] Error 2
