-- The C compiler identification is GNU 9.4.0
-- The CXX compiler identification is GNU 9.4.0
-- Check for working C compiler: /usr/bin/cc
-- Check for working C compiler: /usr/bin/cc -- works
-- Detecting C compiler ABI info
-- Detecting C compiler ABI info - done
-- Detecting C compile features
-- Detecting C compile features - done
-- Check for working CXX compiler: /usr/bin/c++
-- Check for working CXX compiler: /usr/bin/c++ -- works
-- Detecting CXX compiler ABI info
-- Detecting CXX compiler ABI info - done
-- Detecting CXX compile features
-- Detecting CXX compile features - done
-- Found ament_cmake_auto: 0.9.12 (/opt/ros/foxy/share/ament_cmake_auto/cmake)
-- Found PythonInterp: /usr/bin/python3 (found suitable version "3.8.10", minimum required is "3") 
-- Using PYTHON_EXECUTABLE: /usr/bin/python3
-- Using all available rosidl_typesupport_c: rosidl_typesupport_fastrtps_c;rosidl_typesupport_introspection_c
-- Found rosidl_adapter: 1.3.1 (/opt/ros/foxy/share/rosidl_adapter/cmake)
-- Found OpenSSL: /usr/lib/aarch64-linux-gnu/libcrypto.so (found version "1.1.1f")  
-- Found FastRTPS: /opt/ros/foxy/include  
-- Using all available rosidl_typesupport_cpp: rosidl_typesupport_fastrtps_cpp;rosidl_typesupport_introspection_cpp
-- Found rmw_implementation_cmake: 1.0.4 (/opt/ros/foxy/share/rmw_implementation_cmake/cmake)
-- Using RMW implementation 'rmw_fastrtps_cpp' as default
-- Looking for pthread.h
-- Looking for pthread.h - found
-- Performing Test CMAKE_HAVE_LIBC_PTHREAD
-- Performing Test CMAKE_HAVE_LIBC_PTHREAD - Failed
-- Looking for pthread_create in pthreads
-- Looking for pthread_create in pthreads - not found
-- Looking for pthread_create in pthread
-- Looking for pthread_create in pthread - found
-- Found Threads: TRUE  
-- Found ament_lint_auto: 0.9.8 (/opt/ros/foxy/share/ament_lint_auto/cmake)
-- Added test 'copyright' to check source files copyright and LICENSE
-- Added test 'cppcheck' to perform static code analysis on C / C++ code
-- Configured cppcheck include dirs: /home/orin_nano/f1tenth_ws/src/vesc/vesc_ackermann/include
-- Configured cppcheck exclude dirs and/or files: 
-- Added test 'cpplint' to check C / C++ code against the Google style
-- Configured cpplint exclude dirs and/or files: 
-- Added test 'lint_cmake' to check CMake code style
-- Added test 'uncrustify' to check C / C++ code style
-- Configured uncrustify additional arguments: 
-- Added test 'xmllint' to check XML markup files
-- Configuring done
-- Generating done
-- Build files have been written to: /home/orin_nano/f1tenth_ws/build/vesc_ackermann
[35m[1mScanning dependencies of target ackermann_to_vesc_node[0m
[35m[1mScanning dependencies of target vesc_to_odom_node[0m
[35m[1mScanning dependencies of target vesc_ackermann[0m
[ 14%] [32mBuilding CXX object CMakeFiles/ackermann_to_vesc_node.dir/rclcpp_components/node_main_ackermann_to_vesc_node.cpp.o[0m
[ 28%] [32mBuilding CXX object CMakeFiles/vesc_to_odom_node.dir/rclcpp_components/node_main_vesc_to_odom_node.cpp.o[0m
[ 42%] [32mBuilding CXX object CMakeFiles/vesc_ackermann.dir/src/vesc_to_odom.cpp.o[0m
[ 57%] [32mBuilding CXX object CMakeFiles/vesc_ackermann.dir/src/ackermann_to_vesc.cpp.o[0m
[01m[K/home/orin_nano/f1tenth_ws/src/vesc/vesc_ackermann/src/vesc_to_odom.cpp:74:49:[m[K [01;31m[Kerror: [m[Kâ€˜[01m[KSharedPtr[m[Kâ€™ in namespace â€˜[01m[Ksensor_msgs[m[Kâ€™ does not name a type
   74 | void VescToOdom::IMUCallback(const sensor_msgs::[01;31m[KSharedPtr[m[K msg)
      |                                                 [01;31m[K^~~~~~~~~[m[K
[01m[K/home/orin_nano/f1tenth_ws/src/vesc/vesc_ackermann/src/vesc_to_odom.cpp:74:6:[m[K [01;31m[Kerror: [m[Kno declaration matches â€˜[01m[Kvoid vesc_ackermann::VescToOdom::IMUCallback(int)[m[Kâ€™
   74 | void [01;31m[KVescToOdom[m[K::IMUCallback(const sensor_msgs::SharedPtr msg)
      |      [01;31m[K^~~~~~~~~~[m[K
[01m[K/home/orin_nano/f1tenth_ws/src/vesc/vesc_ackermann/src/vesc_to_odom.cpp:74:6:[m[K [01;36m[Knote: [m[Kno functions named â€˜[01m[Kvoid vesc_ackermann::VescToOdom::IMUCallback(int)[m[Kâ€™
In file included from [01m[K/home/orin_nano/f1tenth_ws/src/vesc/vesc_ackermann/src/vesc_to_odom.cpp:1[m[K:
[01m[K/home/orin_nano/f1tenth_ws/src/vesc/vesc_ackermann/include/vesc_ackermann/vesc_to_odom.hpp:23:7:[m[K [01;36m[Knote: [m[Kâ€˜[01m[Kclass vesc_ackermann::VescToOdom[m[Kâ€™ defined here
   23 | class [01;36m[KVescToOdom[m[K : public rclcpp::Node
      |       [01;36m[K^~~~~~~~~~[m[K
[ 71%] [32m[1mLinking CXX executable ackermann_to_vesc_node[0m
[ 71%] Built target ackermann_to_vesc_node
[ 85%] [32m[1mLinking CXX executable vesc_to_odom_node[0m
[ 85%] Built target vesc_to_odom_node
make[2]: *** [CMakeFiles/vesc_ackermann.dir/build.make:76: CMakeFiles/vesc_ackermann.dir/src/vesc_to_odom.cpp.o] Error 1
make[2]: *** Waiting for unfinished jobs....
make[1]: *** [CMakeFiles/Makefile2:136: CMakeFiles/vesc_ackermann.dir/all] Error 2
make: *** [Makefile:141: all] Error 2
